<?xml version="1.0" encoding="UTF-8"?>
<!-- Generated by org.testng.reporters.JUnitXMLReporter -->
<testsuite ignored="0" hostname="BHARGAVI" failures="0" tests="5" name="Default test" time="20.518" errors="0" timestamp="2025-09-26T11:40:08 IST">
  <testcase classname="tests.DreamsTotalTest" name="testGoodDreamsCount" time="3.142"/>
  <testcase classname="tests.DreamsTotalTest" name="testBadDreamsCount" time="3.014"/>
  <testcase classname="tests.DreamsTotalTest" name="testTotalDreamsCount" time="0.01"/>
  <testcase classname="tests.DreamsTotalTest" name="testRecurringDreamsCount" time="3.018"/>
  <testcase classname="tests.DreamsTotalTest" name="testRecurringDreamNames" time="0.016"/>
</testsuite> <!-- Default test -->
