<?xml version="1.0" encoding="UTF-8"?>
<!-- Generated by org.testng.reporters.JUnitXMLReporter -->
<testsuite ignored="0" hostname="BHARGAVI" failures="0" tests="3" name=" Dreamdairypage Suits" time="3.581" errors="0" timestamp="2025-09-25T14:55:30 IST">
  <testcase classname="tests.DreamDiaryPageTest" name="testRowCount" time="0.021"/>
  <testcase classname="tests.DreamDiaryPageTest" name="testDreamTypesAreValid" time="0.009"/>
  <testcase classname="tests.DreamDiaryPageTest" name="testAllRowsAreFilled" time="0.005"/>
</testsuite> <!--  Dreamdairypage Suits -->
