<?xml version="1.0" encoding="UTF-8"?>
<!-- Generated by org.testng.reporters.JUnitXMLReporter -->
<testsuite ignored="0" hostname="BHARGAVI" failures="0" tests="3" name="DreamDiaryPageTestSuite" time="14.911" errors="0" timestamp="2025-09-26T20:10:37 IST">
  <testcase classname="tests.DreamDiaryPageTest" name="testRowCount" time="3.028"/>
  <testcase classname="tests.DreamDiaryPageTest" name="testDreamTypesAreValid" time="3.023"/>
  <testcase classname="tests.DreamDiaryPageTest" name="testAllRowsAreFilled" time="3.039"/>
</testsuite> <!-- DreamDiaryPageTestSuite -->
