<?xml version="1.0" encoding="UTF-8"?>
<!-- Generated by org.testng.reporters.JUnitXMLReporter -->
<testsuite ignored="0" hostname="BHARGAVI" failures="0" tests="5" name="DreamsTotalTestSuite" time="6.431" errors="0" timestamp="2025-09-26T20:10:43 IST">
  <testcase classname="tests.DreamsTotalTest" name="testGoodDreamsCount" time="0.0"/>
  <testcase classname="tests.DreamsTotalTest" name="testBadDreamsCount" time="0.0"/>
  <testcase classname="tests.DreamsTotalTest" name="testTotalDreamsCount" time="0.003"/>
  <testcase classname="tests.DreamsTotalTest" name="testRecurringDreamsCount" time="0.004"/>
  <testcase classname="tests.DreamsTotalTest" name="testRecurringDreamNames" time="0.006"/>
</testsuite> <!-- DreamsTotalTestSuite -->
