<?xml version="1.0" encoding="UTF-8"?>
<!-- Generated by org.testng.reporters.JUnitXMLReporter -->
<testsuite ignored="0" hostname="BHARGAVI" failures="0" tests="5" name="HomepagePageTestSuite" time="12.401" errors="0" timestamp="2025-09-26T20:10:22 IST">
  <testcase classname="tests.HomePageTest" name="testLoaderIsVisible" time="0.153"/>
  <testcase classname="tests.HomePageTest" name="testLoaderDisappears" time="3.073"/>
  <testcase classname="tests.HomePageTest" name="testMainContentIsVisible" time="0.045"/>
  <testcase classname="tests.HomePageTest" name="testMyDreamsButtonIsClickable" time="0.221"/>
  <testcase classname="tests.HomePageTest" name="testNewTabsOpenOnClick" time="0.023"/>
</testsuite> <!-- HomepagePageTestSuite -->
