<?xml version="1.0" encoding="UTF-8"?>
<!-- Generated by org.testng.reporters.JUnitXMLReporter -->
<testsuite ignored="0" hostname="BHARGAVI" failures="0" tests="5" name="HomepagePageTestSuits" time="8.193" errors="0" timestamp="2025-09-25T14:55:27 IST">
  <testcase classname="tests.HomePageTest" name="testLoaderIsVisible" time="0.087"/>
  <testcase classname="tests.HomePageTest" name="testLoaderDisappears" time="3.132"/>
  <testcase classname="tests.HomePageTest" name="testMainContentIsVisible" time="0.032"/>
  <testcase classname="tests.HomePageTest" name="testMyDreamsButtonIsClickable" time="0.142"/>
  <testcase classname="tests.HomePageTest" name="testNewTabsOpenOnClick" time="0.009"/>
</testsuite> <!-- HomepagePageTestSuits -->
