<?xml version="1.0" encoding="UTF-8"?>
<testng-results ignored="0" total="13" passed="13" failed="0" skipped="0">
  <reporter-output>
  </reporter-output>
  <suite started-at="2025-09-26T20:10:10 IST" name="DemoSuite" finished-at="2025-09-26T20:10:43 IST" duration-ms="33821">
    <groups>
    </groups>
    <test started-at="2025-09-26T20:10:10 IST" name="HomepagePageTestSuite" finished-at="2025-09-26T20:10:22 IST" duration-ms="12401">
      <class name="tests.HomePageTest">
        <test-method is-config="true" signature="setup()[pri:0, instance:tests.HomePageTest@61f3fbb8]" started-at="2025-09-26T20:10:10 IST" name="setup" finished-at="2025-09-26T20:10:16 IST" duration-ms="6847" status="PASS">
          <reporter-output>
          </reporter-output>
        </test-method> <!-- setup -->
        <test-method is-config="true" signature="pageSetup()[pri:0, instance:tests.HomePageTest@61f3fbb8]" started-at="2025-09-26T20:10:16 IST" name="pageSetup" finished-at="2025-09-26T20:10:16 IST" duration-ms="52" status="PASS">
          <reporter-output>
          </reporter-output>
        </test-method> <!-- pageSetup -->
        <test-method signature="testLoaderIsVisible()[pri:1, instance:tests.HomePageTest@61f3fbb8]" started-at="2025-09-26T20:10:17 IST" name="testLoaderIsVisible" description="Verify loading animation appears on page load." finished-at="2025-09-26T20:10:17 IST" duration-ms="153" status="PASS">
          <reporter-output>
          </reporter-output>
        </test-method> <!-- testLoaderIsVisible -->
        <test-method signature="testLoaderDisappears()[pri:2, instance:tests.HomePageTest@61f3fbb8]" started-at="2025-09-26T20:10:17 IST" name="testLoaderDisappears" description="Verify loading animation disappears after ~3 seconds." finished-at="2025-09-26T20:10:20 IST" duration-ms="3073" status="PASS">
          <reporter-output>
          </reporter-output>
        </test-method> <!-- testLoaderDisappears -->
        <test-method signature="testMainContentIsVisible()[pri:3, instance:tests.HomePageTest@61f3fbb8]" started-at="2025-09-26T20:10:20 IST" name="testMainContentIsVisible" description="Verify main content is visible after loader disappears." finished-at="2025-09-26T20:10:20 IST" duration-ms="45" status="PASS">
          <reporter-output>
          </reporter-output>
        </test-method> <!-- testMainContentIsVisible -->
        <test-method signature="testMyDreamsButtonIsClickable()[pri:4, instance:tests.HomePageTest@61f3fbb8]" started-at="2025-09-26T20:10:20 IST" name="testMyDreamsButtonIsClickable" description="Verify &#039;My Dreams&#039; button is clickable." finished-at="2025-09-26T20:10:20 IST" duration-ms="221" status="PASS">
          <reporter-output>
          </reporter-output>
        </test-method> <!-- testMyDreamsButtonIsClickable -->
        <test-method signature="testNewTabsOpenOnClick()[pri:5, instance:tests.HomePageTest@61f3fbb8]" started-at="2025-09-26T20:10:20 IST" name="testNewTabsOpenOnClick" description="Verify clicking &#039;My Dreams&#039; button opens two new tabs." finished-at="2025-09-26T20:10:20 IST" duration-ms="23" status="PASS">
          <reporter-output>
          </reporter-output>
        </test-method> <!-- testNewTabsOpenOnClick -->
        <test-method is-config="true" signature="tearDown()[pri:0, instance:tests.HomePageTest@61f3fbb8]" started-at="2025-09-26T20:10:20 IST" name="tearDown" finished-at="2025-09-26T20:10:22 IST" duration-ms="1709" status="PASS">
          <reporter-output>
          </reporter-output>
        </test-method> <!-- tearDown -->
      </class> <!-- tests.HomePageTest -->
    </test> <!-- HomepagePageTestSuite -->
    <test started-at="2025-09-26T20:10:22 IST" name="DreamDiaryPageTestSuite" finished-at="2025-09-26T20:10:37 IST" duration-ms="14911">
      <class name="tests.DreamDiaryPageTest">
        <test-method is-config="true" signature="setup()[pri:0, instance:tests.DreamDiaryPageTest@7103ab0]" started-at="2025-09-26T20:10:22 IST" name="setup" finished-at="2025-09-26T20:10:27 IST" duration-ms="4527" status="PASS">
          <reporter-output>
          </reporter-output>
        </test-method> <!-- setup -->
        <test-method is-config="true" signature="pageSetup()[pri:0, instance:tests.DreamDiaryPageTest@7103ab0]" started-at="2025-09-26T20:10:27 IST" name="pageSetup" finished-at="2025-09-26T20:10:27 IST" duration-ms="3" status="PASS">
          <reporter-output>
          </reporter-output>
        </test-method> <!-- pageSetup -->
        <test-method signature="testRowCount()[pri:1, instance:tests.DreamDiaryPageTest@7103ab0]" started-at="2025-09-26T20:10:27 IST" name="testRowCount" description="Validate exactly 10 dream entries." finished-at="2025-09-26T20:10:30 IST" duration-ms="3028" status="PASS">
          <reporter-output>
          </reporter-output>
        </test-method> <!-- testRowCount -->
        <test-method signature="testDreamTypesAreValid()[pri:2, instance:tests.DreamDiaryPageTest@7103ab0]" started-at="2025-09-26T20:10:30 IST" name="testDreamTypesAreValid" description="Dream types are only Good or Bad." finished-at="2025-09-26T20:10:33 IST" duration-ms="3023" status="PASS">
          <reporter-output>
          </reporter-output>
        </test-method> <!-- testDreamTypesAreValid -->
        <test-method signature="testAllRowsAreFilled()[pri:3, instance:tests.DreamDiaryPageTest@7103ab0]" started-at="2025-09-26T20:10:33 IST" name="testAllRowsAreFilled" description="Each row has 3 filled columns." finished-at="2025-09-26T20:10:36 IST" duration-ms="3039" status="PASS">
          <reporter-output>
          </reporter-output>
        </test-method> <!-- testAllRowsAreFilled -->
        <test-method is-config="true" signature="tearDown()[pri:0, instance:tests.DreamDiaryPageTest@7103ab0]" started-at="2025-09-26T20:10:36 IST" name="tearDown" finished-at="2025-09-26T20:10:37 IST" duration-ms="1272" status="PASS">
          <reporter-output>
          </reporter-output>
        </test-method> <!-- tearDown -->
      </class> <!-- tests.DreamDiaryPageTest -->
    </test> <!-- DreamDiaryPageTestSuite -->
    <test started-at="2025-09-26T20:10:37 IST" name="DreamsTotalTestSuite" finished-at="2025-09-26T20:10:43 IST" duration-ms="6431">
      <class name="tests.DreamsTotalTest">
        <test-method is-config="true" signature="setup()[pri:0, instance:tests.DreamsTotalTest@66ba7e45]" started-at="2025-09-26T20:10:37 IST" name="setup" finished-at="2025-09-26T20:10:41 IST" duration-ms="4531" status="PASS">
          <reporter-output>
          </reporter-output>
        </test-method> <!-- setup -->
        <test-method is-config="true" signature="setupAndCalculateData()[pri:0, instance:tests.DreamsTotalTest@66ba7e45]" started-at="2025-09-26T20:10:41 IST" name="setupAndCalculateData" finished-at="2025-09-26T20:10:42 IST" duration-ms="547" status="PASS">
          <reporter-output>
          </reporter-output>
        </test-method> <!-- setupAndCalculateData -->
        <test-method signature="testGoodDreamsCount()[pri:1, instance:tests.DreamsTotalTest@66ba7e45]" started-at="2025-09-26T20:10:42 IST" name="testGoodDreamsCount" description="Verify Good Dreams count" finished-at="2025-09-26T20:10:42 IST" duration-ms="0" status="PASS">
          <reporter-output>
          </reporter-output>
        </test-method> <!-- testGoodDreamsCount -->
        <test-method signature="testBadDreamsCount()[pri:2, instance:tests.DreamsTotalTest@66ba7e45]" started-at="2025-09-26T20:10:42 IST" name="testBadDreamsCount" description="Verify Bad Dreams count" finished-at="2025-09-26T20:10:42 IST" duration-ms="0" status="PASS">
          <reporter-output>
          </reporter-output>
        </test-method> <!-- testBadDreamsCount -->
        <test-method signature="testTotalDreamsCount()[pri:3, instance:tests.DreamsTotalTest@66ba7e45]" started-at="2025-09-26T20:10:42 IST" name="testTotalDreamsCount" description="Verify Total Dreams count" finished-at="2025-09-26T20:10:42 IST" duration-ms="3" status="PASS">
          <reporter-output>
          </reporter-output>
        </test-method> <!-- testTotalDreamsCount -->
        <test-method signature="testRecurringDreamsCount()[pri:4, instance:tests.DreamsTotalTest@66ba7e45]" started-at="2025-09-26T20:10:42 IST" name="testRecurringDreamsCount" description="Verify Recurring Dreams count" finished-at="2025-09-26T20:10:42 IST" duration-ms="4" status="PASS">
          <reporter-output>
          </reporter-output>
        </test-method> <!-- testRecurringDreamsCount -->
        <test-method signature="testRecurringDreamNames()[pri:5, instance:tests.DreamsTotalTest@66ba7e45]" started-at="2025-09-26T20:10:42 IST" name="testRecurringDreamNames" description="Verify Recurring Dream Names" finished-at="2025-09-26T20:10:42 IST" duration-ms="6" status="PASS">
          <reporter-output>
          </reporter-output>
        </test-method> <!-- testRecurringDreamNames -->
        <test-method is-config="true" signature="tearDown()[pri:0, instance:tests.DreamsTotalTest@66ba7e45]" started-at="2025-09-26T20:10:42 IST" name="tearDown" finished-at="2025-09-26T20:10:43 IST" duration-ms="1307" status="PASS">
          <reporter-output>
          </reporter-output>
        </test-method> <!-- tearDown -->
      </class> <!-- tests.DreamsTotalTest -->
    </test> <!-- DreamsTotalTestSuite -->
  </suite> <!-- DemoSuite -->
</testng-results>
